# JRE version: OpenJDK Runtime Environment Microsoft-8035250 (11.0.20+8) (build 11.0.20+8-LTS)
# Java VM: OpenJDK 64-Bit Server VM Microsoft-8035250 (11.0.20+8-LTS, mixed mode, tiered, compressed oops, g1 gc, windows-amd64)
Heap:
 garbage-first heap   total 404480K, used 283135K [0x0000000080000000, 0x0000000100000000)
  region size 1024K, 22 young (22528K), 9 survivors (9216K)
 Metaspace       used 182681K, capacity 187313K, committed 188084K, reserved 681984K
  class space    used 21921K, capacity 23701K, committed 23936K, reserved 516096K
GC Heap History (20 events):
Event: 623.498 GC heap before
{Heap before GC invocations=199 (full 0):
 garbage-first heap   total 404480K, used 357754K [0x0000000080000000, 0x0000000100000000)
  region size 1024K, 160 young (163840K), 2 survivors (2048K)
 Metaspace       used 170818K, capacity 175241K, committed 175540K, reserved 669696K
  class space    used 20445K, capacity 22077K, committed 22144K, reserved 516096K
}
Event: 623.501 GC heap after
{Heap after GC invocations=200 (full 0):
 garbage-first heap   total 404480K, used 195038K [0x0000000080000000, 0x0000000100000000)
  region size 1024K, 2 young (2048K), 2 survivors (2048K)
 Metaspace       used 170818K, capacity 175241K, committed 175540K, reserved 669696K
  class space    used 20445K, capacity 22077K, committed 22144K, reserved 516096K
}
Event: 623.974 GC heap before
{Heap before GC invocations=200 (full 0):
 garbage-first heap   total 404480K, used 357854K [0x0000000080000000, 0x0000000100000000)
  region size 1024K, 160 young (163840K), 2 survivors (2048K)
 Metaspace       used 170827K, capacity 175241K, committed 175540K, reserved 669696K
  class space    used 20445K, capacity 22077K, committed 22144K, reserved 516096K
}
Event: 623.976 GC heap after
{Heap after GC invocations=201 (full 0):
 garbage-first heap   total 404480K, used 194054K [0x0000000080000000, 0x0000000100000000)
  region size 1024K, 1 young (1024K), 1 survivors (1024K)
 Metaspace       used 170827K, capacity 175241K, committed 175540K, reserved 669696K
  class space    used 20445K, capacity 22077K, committed 22144K, reserved 516096K
}
Event: 624.451 GC heap before
{Heap before GC invocations=201 (full 0):
 garbage-first heap   total 404480K, used 359942K [0x0000000080000000, 0x0000000100000000)
  region size 1024K, 160 young (163840K), 1 survivors (1024K)
 Metaspace       used 170827K, capacity 175241K, committed 175540K, reserved 669696K
  class space    used 20445K, capacity 22077K, committed 22144K, reserved 516096K
}
Event: 624.454 GC heap after
{Heap after GC invocations=202 (full 0):
 garbage-first heap   total 404480K, used 198479K [0x0000000080000000, 0x0000000100000000)
  region size 1024K, 3 young (3072K), 3 survivors (3072K)
 Metaspace       used 170827K, capacity 175241K, committed 175540K, reserved 669696K
  class space    used 20445K, capacity 22077K, committed 22144K, reserved 516096K
}
Event: 624.899 GC heap before
{Heap before GC invocations=202 (full 0):
 garbage-first heap   total 404480K, used 357199K [0x0000000080000000, 0x0000000100000000)
  region size 1024K, 158 young (161792K), 3 survivors (3072K)
 Metaspace       used 170827K, capacity 175241K, committed 175540K, reserved 669696K
  class space    used 20445K, capacity 22077K, committed 22144K, reserved 516096K
}
Event: 624.903 GC heap after
{Heap after GC invocations=203 (full 0):
 garbage-first heap   total 404480K, used 200417K [0x0000000080000000, 0x0000000100000000)
  region size 1024K, 5 young (5120K), 5 survivors (5120K)
 Metaspace       used 170827K, capacity 175241K, committed 175540K, reserved 669696K
  class space    used 20445K, capacity 22077K, committed 22144K, reserved 516096K
}
Event: 625.359 GC heap before
{Heap before GC invocations=203 (full 0):
 garbage-first heap   total 404480K, used 357089K [0x0000000080000000, 0x0000000100000000)
  region size 1024K, 158 young (161792K), 5 survivors (5120K)
 Metaspace       used 170827K, capacity 175241K, committed 175540K, reserved 669696K
  class space    used 20445K, capacity 22077K, committed 22144K, reserved 516096K
}
Event: 625.361 GC heap after
{Heap after GC invocations=204 (full 0):
 garbage-first heap   total 404480K, used 194410K [0x0000000080000000, 0x0000000100000000)
  region size 1024K, 2 young (2048K), 2 survivors (2048K)
 Metaspace       used 170827K, capacity 175241K, committed 175540K, reserved 669696K
  class space    used 20445K, capacity 22077K, committed 22144K, reserved 516096K
}
Event: 625.830 GC heap before
{Heap before GC invocations=204 (full 0):
 garbage-first heap   total 404480K, used 356202K [0x0000000080000000, 0x0000000100000000)
  region size 1024K, 160 young (163840K), 2 survivors (2048K)
 Metaspace       used 170827K, capacity 175241K, committed 175540K, reserved 669696K
  class space    used 20445K, capacity 22077K, committed 22144K, reserved 516096K
}
Event: 625.833 GC heap after
{Heap after GC invocations=205 (full 0):
 garbage-first heap   total 404480K, used 194697K [0x0000000080000000, 0x0000000100000000)
  region size 1024K, 2 young (2048K), 2 survivors (2048K)
 Metaspace       used 170827K, capacity 175241K, committed 175540K, reserved 669696K
  class space    used 20445K, capacity 22077K, committed 22144K, reserved 516096K
}
Event: 626.837 GC heap before
{Heap before GC invocations=205 (full 0):
 garbage-first heap   total 404480K, used 360585K [0x0000000080000000, 0x0000000100000000)
  region size 1024K, 160 young (163840K), 2 survivors (2048K)
 Metaspace       used 173008K, capacity 177550K, committed 177716K, reserved 671744K
  class space    used 20734K, capacity 22437K, committed 22528K, reserved 516096K
}
Event: 626.846 GC heap after
{Heap after GC invocations=206 (full 0):
 garbage-first heap   total 404480K, used 207869K [0x0000000080000000, 0x0000000100000000)
  region size 1024K, 10 young (10240K), 10 survivors (10240K)
 Metaspace       used 173008K, capacity 177550K, committed 177716K, reserved 671744K
  class space    used 20734K, capacity 22437K, committed 22528K, reserved 516096K
}
Event: 641.166 GC heap before
{Heap before GC invocations=206 (full 0):
 garbage-first heap   total 404480K, used 350205K [0x0000000080000000, 0x0000000100000000)
  region size 1024K, 150 young (153600K), 10 survivors (10240K)
 Metaspace       used 179466K, capacity 184387K, committed 184500K, reserved 677888K
  class space    used 21614K, capacity 23420K, committed 23424K, reserved 516096K
}
Event: 641.257 GC heap after
{Heap after GC invocations=207 (full 0):
 garbage-first heap   total 404480K, used 220723K [0x0000000080000000, 0x0000000100000000)
  region size 1024K, 19 young (19456K), 19 survivors (19456K)
 Metaspace       used 179466K, capacity 184387K, committed 184500K, reserved 677888K
  class space    used 21614K, capacity 23420K, committed 23424K, reserved 516096K
}
Event: 683.098 GC heap before
{Heap before GC invocations=207 (full 0):
 garbage-first heap   total 404480K, used 342579K [0x0000000080000000, 0x0000000100000000)
  region size 1024K, 139 young (142336K), 19 survivors (19456K)
 Metaspace       used 180390K, capacity 185389K, committed 185652K, reserved 679936K
  class space    used 21698K, capacity 23542K, committed 23552K, reserved 516096K
}
Event: 683.135 GC heap after
{Heap after GC invocations=208 (full 0):
 garbage-first heap   total 404480K, used 229492K [0x0000000080000000, 0x0000000100000000)
  region size 1024K, 10 young (10240K), 10 survivors (10240K)
 Metaspace       used 180390K, capacity 185389K, committed 185652K, reserved 679936K
  class space    used 21698K, capacity 23542K, committed 23552K, reserved 516096K
}
Event: 688.213 GC heap before
{Heap before GC invocations=208 (full 0):
 garbage-first heap   total 404480K, used 343156K [0x0000000080000000, 0x0000000100000000)
  region size 1024K, 95 young (97280K), 10 survivors (10240K)
 Metaspace       used 182606K, capacity 187629K, committed 187828K, reserved 681984K
  class space    used 21963K, capacity 23872K, committed 23936K, reserved 516096K
}
Event: 688.243 GC heap after
{Heap after GC invocations=209 (full 0):
 garbage-first heap   total 404480K, used 245247K [0x0000000080000000, 0x0000000100000000)
  region size 1024K, 9 young (9216K), 9 survivors (9216K)
 Metaspace       used 182606K, capacity 187629K, committed 187828K, reserved 681984K
  class space    used 21963K, capacity 23872K, committed 23936K, reserved 516096K
}

